mode: set
example.com/t/util/chess.go:13.46,15.14 1 1
example.com/t/util/chess.go:19.2,22.20 2 1
example.com/t/util/chess.go:30.2,30.11 1 1
example.com/t/util/chess.go:15.14,17.3 1 1
example.com/t/util/chess.go:22.20,25.29 1 1
example.com/t/util/chess.go:25.29,27.4 1 1
example.com/t/util/chess.go:33.48,35.19 1 1
example.com/t/util/chess.go:39.2,39.18 1 1
example.com/t/util/chess.go:35.19,37.3 1 1
example.com/t/util/chess.go:42.79,44.106 1 1
example.com/t/util/chess.go:48.2,48.102 1 1
example.com/t/util/chess.go:59.2,59.78 1 1
example.com/t/util/chess.go:64.2,66.60 2 1
example.com/t/util/chess.go:72.2,72.18 1 1
example.com/t/util/chess.go:44.106,46.3 1 1
example.com/t/util/chess.go:48.102,50.3 1 1
example.com/t/util/chess.go:59.78,61.3 1 1
example.com/t/util/chess.go:66.60,68.3 1 1
example.com/t/util/chess.go:68.8,68.45 1 1
example.com/t/util/chess.go:68.45,70.3 1 1
example.com/t/util/chess.go:75.56,79.46 2 0
example.com/t/util/chess.go:93.2,94.13 2 0
example.com/t/util/chess.go:79.46,83.47 2 0
example.com/t/util/chess.go:87.3,89.13 2 0
example.com/t/util/chess.go:83.47,85.4 1 0
example.com/t/util/chess.go:89.13,91.4 1 0
example.com/t/util/chess.go:97.52,99.48 1 1
example.com/t/util/chess.go:103.2,109.16 4 1
example.com/t/util/chess.go:113.2,113.22 1 1
example.com/t/util/chess.go:99.48,101.3 1 1
example.com/t/util/chess.go:109.16,111.3 1 1
example.com/t/util/common.go:8.27,11.2 1 1
example.com/t/util/common.go:13.24,16.2 1 1
example.com/t/util/common.go:18.52,20.2 1 1
example.com/t/strategy/strategy.go:18.60,22.19 2 1
example.com/t/strategy/strategy.go:23.14,26.20 3 1
example.com/t/strategy/strategy.go:27.14,30.20 3 1
example.com/t/strategy/strategy.go:31.15,34.20 3 1
example.com/t/strategy/strategy.go:35.10,37.61 2 1
example.com/t/strategy/strategy.go:41.55,42.47 1 1
example.com/t/strategy/strategy.go:42.47,44.21 1 1
example.com/t/strategy/strategy.go:47.3,47.63 1 1
example.com/t/strategy/strategy.go:44.21,46.4 1 1
example.com/t/strategy/strategy.go:51.55,52.47 1 1
example.com/t/strategy/strategy.go:52.47,58.26 4 1
example.com/t/strategy/strategy.go:64.3,64.37 1 1
example.com/t/strategy/strategy.go:58.26,59.90 1 1
example.com/t/strategy/strategy.go:59.90,61.5 1 1
example.com/t/strategy/strategy.go:68.56,69.47 1 1
example.com/t/strategy/strategy.go:69.47,73.27 2 1
example.com/t/strategy/strategy.go:93.3,93.39 1 1
example.com/t/strategy/strategy.go:99.3,100.50 1 1
example.com/t/strategy/strategy.go:105.3,105.39 1 1
example.com/t/strategy/strategy.go:110.3,110.53 1 1
example.com/t/strategy/strategy.go:115.3,115.27 1 1
example.com/t/strategy/strategy.go:120.3,120.45 1 1
example.com/t/strategy/strategy.go:124.3,124.37 1 1
example.com/t/strategy/strategy.go:73.27,75.4 1 1
example.com/t/strategy/strategy.go:93.39,95.4 1 1
example.com/t/strategy/strategy.go:100.50,102.4 1 1
example.com/t/strategy/strategy.go:105.39,107.4 1 1
example.com/t/strategy/strategy.go:110.53,112.4 1 1
example.com/t/strategy/strategy.go:115.27,117.4 1 1
example.com/t/strategy/strategy.go:120.45,122.4 1 1
example.com/t/strategy/strategy.go:128.49,131.34 2 1
example.com/t/strategy/strategy.go:134.2,134.39 1 1
example.com/t/strategy/strategy.go:131.34,133.3 1 1
